<?xml version="1.0" encoding="UTF-8" ?>
<testsuite errors="0" failures="1" hostname="osiepna" name="racetrack.RegistrationControllerTests" tests="1" time="1.3" timestamp="2014-03-14T08:41:29">
  <properties />
  <testcase classname="racetrack.RegistrationControllerTests" name="testSomething" time="1.131">
    <failure message="java.lang.AssertionError: Implement me" type="junit.framework.AssertionFailedError">junit.framework.AssertionFailedError: java.lang.AssertionError: Implement me
	at racetrack.RegistrationControllerTests.testSomething(RegistrationControllerTests.groovy:15)
</failure>
  </testcase>
  <system-out><![CDATA[--Output from testSomething--
]]></system-out>
  <system-err><![CDATA[--Output from testSomething--
]]></system-err>
</testsuite>
