Testsuite: racetrack.RaceControllerTests
Tests run: 1, Failures: 1, Errors: 0, Time elapsed: 0.372 sec
------------- Standard Output ---------------
--Output from testSomething--
------------- ---------------- ---------------
------------- Standard Error -----------------
--Output from testSomething--
------------- ---------------- ---------------

Testcase: testSomething took 0.27 sec
	FAILED
java.lang.AssertionError: Implement me
junit.framework.AssertionFailedError: java.lang.AssertionError: Implement me
	at racetrack.RaceControllerTests.testSomething(RaceControllerTests.groovy:15)

